android/app/build/intermediates/manifest_merge_blame_file/debug/processDebugMainManifest/manifest-merger-blame-debug-report.txt
1<?xml version="1.0" encoding="utf-8"?>
2<manifest xmlns:android="http://schemas.android.com/apk/res/android"
3    package="com.classroomassistant.android"
4    android:versionCode="1"
5    android:versionName="3.0.0" >
6
7    <uses-sdk
8        android:minSdkVersion="26"
9        android:targetSdkVersion="34" />
10
11    <!-- 权限 -->
12    <uses-permission android:name="android.permission.RECORD_AUDIO" />
12-->src\main\AndroidManifest.xml:5:5-71
12-->src\main\AndroidManifest.xml:5:22-68
13    <uses-permission android:name="android.permission.INTERNET" />
13-->src\main\AndroidManifest.xml:6:5-67
13-->src\main\AndroidManifest.xml:6:22-64
14    <uses-permission android:name="android.permission.ACCESS_NETWORK_STATE" />
14-->src\main\AndroidManifest.xml:7:5-79
14-->src\main\AndroidManifest.xml:7:22-76
15    <uses-permission
15-->src\main\AndroidManifest.xml:8:5-9:38
16        android:name="android.permission.WRITE_EXTERNAL_STORAGE"
16-->src\main\AndroidManifest.xml:8:22-78
17        android:maxSdkVersion="28" />
17-->src\main\AndroidManifest.xml:9:9-35
18
19    <permission
19-->[androidx.core:core:1.12.0] AndroidManifest.xml:22:5-24:47
20        android:name="com.classroomassistant.android.DYNAMIC_RECEIVER_NOT_EXPORTED_PERMISSION"
20-->[androidx.core:core:1.12.0] AndroidManifest.xml:23:9-81
21        android:protectionLevel="signature" />
21-->[androidx.core:core:1.12.0] AndroidManifest.xml:24:9-44
22
23    <uses-permission android:name="com.classroomassistant.android.DYNAMIC_RECEIVER_NOT_EXPORTED_PERMISSION" />
23-->[androidx.core:core:1.12.0] AndroidManifest.xml:26:5-97
23-->[androidx.core:core:1.12.0] AndroidManifest.xml:26:22-94
24
25    <application
25-->src\main\AndroidManifest.xml:11:5-40:19
26        android:allowBackup="true"
26-->src\main\AndroidManifest.xml:12:9-35
27        android:appComponentFactory="androidx.core.app.CoreComponentFactory"
27-->[androidx.core:core:1.12.0] AndroidManifest.xml:28:18-86
28        android:debuggable="true"
29        android:extractNativeLibs="false"
30        android:icon="@android:drawable/sym_def_app_icon"
30-->src\main\AndroidManifest.xml:13:9-58
31        android:label="@string/app_name"
31-->src\main\AndroidManifest.xml:14:9-41
32        android:roundIcon="@android:drawable/sym_def_app_icon"
32-->src\main\AndroidManifest.xml:15:9-63
33        android:supportsRtl="true"
33-->src\main\AndroidManifest.xml:16:9-35
34        android:testOnly="true"
35        android:theme="@style/Theme.ClassroomAssistant" >
35-->src\main\AndroidManifest.xml:17:9-56
36        <activity
36-->src\main\AndroidManifest.xml:19:9-28:20
37            android:name="com.classroomassistant.android.LauncherActivity"
37-->src\main\AndroidManifest.xml:20:13-45
38            android:exported="true"
38-->src\main\AndroidManifest.xml:21:13-36
39            android:process=":launcher"
39-->src\main\AndroidManifest.xml:22:13-40
40            android:theme="@style/Theme.ClassroomAssistant" >
40-->src\main\AndroidManifest.xml:23:13-60
41            <intent-filter>
41-->src\main\AndroidManifest.xml:24:13-27:29
42                <action android:name="android.intent.action.MAIN" />
42-->src\main\AndroidManifest.xml:25:17-69
42-->src\main\AndroidManifest.xml:25:25-66
43
44                <category android:name="android.intent.category.LAUNCHER" />
44-->src\main\AndroidManifest.xml:26:17-77
44-->src\main\AndroidManifest.xml:26:27-74
45            </intent-filter>
46        </activity>
47        <activity
47-->src\main\AndroidManifest.xml:30:9-33:63
48            android:name="com.classroomassistant.android.MainActivity"
48-->src\main\AndroidManifest.xml:31:13-41
49            android:exported="true"
49-->src\main\AndroidManifest.xml:32:13-36
50            android:theme="@style/Theme.ClassroomAssistant" />
50-->src\main\AndroidManifest.xml:33:13-60
51        <activity
51-->src\main\AndroidManifest.xml:35:9-38:58
52            android:name="com.classroomassistant.android.ui.SettingsActivity"
52-->src\main\AndroidManifest.xml:36:13-48
53            android:exported="false"
53-->src\main\AndroidManifest.xml:37:13-37
54            android:parentActivityName="com.classroomassistant.android.MainActivity" />
54-->src\main\AndroidManifest.xml:38:13-55
55        <activity
55-->[androidx.compose.ui:ui-tooling-android:1.6.1] AndroidManifest.xml:23:9-25:39
56            android:name="androidx.compose.ui.tooling.PreviewActivity"
56-->[androidx.compose.ui:ui-tooling-android:1.6.1] AndroidManifest.xml:24:13-71
57            android:exported="true" />
57-->[androidx.compose.ui:ui-tooling-android:1.6.1] AndroidManifest.xml:25:13-36
58        <activity
58-->[androidx.compose.ui:ui-test-manifest:1.6.1] AndroidManifest.xml:23:9-25:39
59            android:name="androidx.activity.ComponentActivity"
59-->[androidx.compose.ui:ui-test-manifest:1.6.1] AndroidManifest.xml:24:13-63
60            android:exported="true" />
60-->[androidx.compose.ui:ui-test-manifest:1.6.1] AndroidManifest.xml:25:13-36
61
62        <provider
62-->[androidx.emoji2:emoji2:1.3.0] AndroidManifest.xml:24:9-32:20
63            android:name="androidx.startup.InitializationProvider"
63-->[androidx.emoji2:emoji2:1.3.0] AndroidManifest.xml:25:13-67
64            android:authorities="com.classroomassistant.android.androidx-startup"
64-->[androidx.emoji2:emoji2:1.3.0] AndroidManifest.xml:26:13-68
65            android:exported="false" >
65-->[androidx.emoji2:emoji2:1.3.0] AndroidManifest.xml:27:13-37
66            <meta-data
66-->[androidx.emoji2:emoji2:1.3.0] AndroidManifest.xml:29:13-31:52
67                android:name="androidx.emoji2.text.EmojiCompatInitializer"
67-->[androidx.emoji2:emoji2:1.3.0] AndroidManifest.xml:30:17-75
68                android:value="androidx.startup" />
68-->[androidx.emoji2:emoji2:1.3.0] AndroidManifest.xml:31:17-49
69            <meta-data
69-->[androidx.lifecycle:lifecycle-process:2.7.0] AndroidManifest.xml:29:13-31:52
70                android:name="androidx.lifecycle.ProcessLifecycleInitializer"
70-->[androidx.lifecycle:lifecycle-process:2.7.0] AndroidManifest.xml:30:17-78
71                android:value="androidx.startup" />
71-->[androidx.lifecycle:lifecycle-process:2.7.0] AndroidManifest.xml:31:17-49
72            <meta-data
72-->[androidx.profileinstaller:profileinstaller:1.3.0] AndroidManifest.xml:29:13-31:52
73                android:name="androidx.profileinstaller.ProfileInstallerInitializer"
73-->[androidx.profileinstaller:profileinstaller:1.3.0] AndroidManifest.xml:30:17-85
74                android:value="androidx.startup" />
74-->[androidx.profileinstaller:profileinstaller:1.3.0] AndroidManifest.xml:31:17-49
75        </provider>
76        <provider
76-->[com.bihe0832.android:lib-file:8.2.0] AndroidManifest.xml:8:9-16:20
77            android:name="com.bihe0832.android.lib.file.provider.ZixieFileProvider"
77-->[com.bihe0832.android:lib-file:8.2.0] AndroidManifest.xml:9:13-84
78            android:authorities="com.classroomassistant.android.bihe0832.fileprovider"
78-->[com.bihe0832.android:lib-file:8.2.0] AndroidManifest.xml:10:13-73
79            android:exported="false"
79-->[com.bihe0832.android:lib-file:8.2.0] AndroidManifest.xml:11:13-37
80            android:grantUriPermissions="true" >
80-->[com.bihe0832.android:lib-file:8.2.0] AndroidManifest.xml:12:13-47
81            <meta-data
81-->[com.bihe0832.android:lib-file:8.2.0] AndroidManifest.xml:13:13-15:54
82                android:name="android.support.FILE_PROVIDER_PATHS"
82-->[com.bihe0832.android:lib-file:8.2.0] AndroidManifest.xml:14:17-67
83                android:resource="@xml/file_paths" />
83-->[com.bihe0832.android:lib-file:8.2.0] AndroidManifest.xml:15:17-51
84        </provider>
85        <provider
85-->[com.bihe0832.android:lib-file:8.2.0] AndroidManifest.xml:17:9-25:20
86            android:name="com.bihe0832.android.lib.file.provider.AAFInnerFileProvider"
86-->[com.bihe0832.android:lib-file:8.2.0] AndroidManifest.xml:18:13-87
87            android:authorities="com.classroomassistant.android.aaf.inner.fileprovider"
87-->[com.bihe0832.android:lib-file:8.2.0] AndroidManifest.xml:19:13-74
88            android:exported="false"
88-->[com.bihe0832.android:lib-file:8.2.0] AndroidManifest.xml:20:13-37
89            android:grantUriPermissions="true" >
89-->[com.bihe0832.android:lib-file:8.2.0] AndroidManifest.xml:21:13-47
90            <meta-data
90-->[com.bihe0832.android:lib-file:8.2.0] AndroidManifest.xml:13:13-15:54
91                android:name="android.support.FILE_PROVIDER_PATHS"
91-->[com.bihe0832.android:lib-file:8.2.0] AndroidManifest.xml:14:17-67
92                android:resource="@xml/aaf_inner_file_paths" />
92-->[com.bihe0832.android:lib-file:8.2.0] AndroidManifest.xml:15:17-51
93        </provider>
94
95        <receiver
95-->[androidx.profileinstaller:profileinstaller:1.3.0] AndroidManifest.xml:34:9-52:20
96            android:name="androidx.profileinstaller.ProfileInstallReceiver"
96-->[androidx.profileinstaller:profileinstaller:1.3.0] AndroidManifest.xml:35:13-76
97            android:directBootAware="false"
97-->[androidx.profileinstaller:profileinstaller:1.3.0] AndroidManifest.xml:36:13-44
98            android:enabled="true"
98-->[androidx.profileinstaller:profileinstaller:1.3.0] AndroidManifest.xml:37:13-35
99            android:exported="true"
99-->[androidx.profileinstaller:profileinstaller:1.3.0] AndroidManifest.xml:38:13-36
100            android:permission="android.permission.DUMP" >
100-->[androidx.profileinstaller:profileinstaller:1.3.0] AndroidManifest.xml:39:13-57
101            <intent-filter>
101-->[androidx.profileinstaller:profileinstaller:1.3.0] AndroidManifest.xml:40:13-42:29
102                <action android:name="androidx.profileinstaller.action.INSTALL_PROFILE" />
102-->[androidx.profileinstaller:profileinstaller:1.3.0] AndroidManifest.xml:41:17-91
102-->[androidx.profileinstaller:profileinstaller:1.3.0] AndroidManifest.xml:41:25-88
103            </intent-filter>
104            <intent-filter>
104-->[androidx.profileinstaller:profileinstaller:1.3.0] AndroidManifest.xml:43:13-45:29
105                <action android:name="androidx.profileinstaller.action.SKIP_FILE" />
105-->[androidx.profileinstaller:profileinstaller:1.3.0] AndroidManifest.xml:44:17-85
105-->[androidx.profileinstaller:profileinstaller:1.3.0] AndroidManifest.xml:44:25-82
106            </intent-filter>
107            <intent-filter>
107-->[androidx.profileinstaller:profileinstaller:1.3.0] AndroidManifest.xml:46:13-48:29
108                <action android:name="androidx.profileinstaller.action.SAVE_PROFILE" />
108-->[androidx.profileinstaller:profileinstaller:1.3.0] AndroidManifest.xml:47:17-88
108-->[androidx.profileinstaller:profileinstaller:1.3.0] AndroidManifest.xml:47:25-85
109            </intent-filter>
110            <intent-filter>
110-->[androidx.profileinstaller:profileinstaller:1.3.0] AndroidManifest.xml:49:13-51:29
111                <action android:name="androidx.profileinstaller.action.BENCHMARK_OPERATION" />
111-->[androidx.profileinstaller:profileinstaller:1.3.0] AndroidManifest.xml:50:17-95
111-->[androidx.profileinstaller:profileinstaller:1.3.0] AndroidManifest.xml:50:25-92
112            </intent-filter>
113        </receiver>
114    </application>
115
116</manifest>